<?xml version="1.0" encoding="UTF-8"?>
<!-- Generated by org.testng.reporters.JUnitReportReporter -->
<testsuite hostname="DESKTOP-QHFD0PL" failures="0" tests="2" name="testng_features.WorkingWithCoreAnnotation" time="0.028" errors="0" timestamp="2025-02-17T23:32:19 PST" skipped="0">
  <testcase classname="testng_features.WorkingWithCoreAnnotation" name="TC2" time="0.008"/>
  <testcase classname="testng_features.WorkingWithCoreAnnotation" name="TC1" time="0.020"/>
</testsuite> <!-- testng_features.WorkingWithCoreAnnotation -->
