<?xml version="1.0" encoding="UTF-8"?>
<!-- Generated by org.testng.reporters.JUnitReportReporter -->
<testsuite hostname="DESKTOP-QHFD0PL" failures="0" tests="1" name="testng_cases.TC1" time="14.636" errors="0" timestamp="2025-02-18T03:00:08 PST" skipped="0">
  <testcase classname="testng_cases.TC1" name="logintest" time="14.636"/>
</testsuite> <!-- testng_cases.TC1 -->
