<?xml version="1.0" encoding="UTF-8"?>
<!-- Generated by org.testng.reporters.JUnitReportReporter -->
<testsuite hostname="DESKTOP-QHFD0PL" failures="0" tests="4" name="testng_features.WorkingWithHelperAttribute" time="0.026" errors="0" timestamp="2025-02-17T02:25:20 PST" skipped="0">
  <testcase classname="testng_features.WorkingWithHelperAttribute" name="RegisterTest" time="0.015"/>
  <testcase classname="testng_features.WorkingWithHelperAttribute" name="LoginTest" time="0.003"/>
  <testcase classname="testng_features.WorkingWithHelperAttribute" name="SearchTest" time="0.002"/>
  <testcase classname="testng_features.WorkingWithHelperAttribute" name="SubscribeTest" time="0.006"/>
</testsuite> <!-- testng_features.WorkingWithHelperAttribute -->
