<?xml version="1.0" encoding="UTF-8"?>
<!-- Generated by org.testng.reporters.JUnitReportReporter -->
<testsuite hostname="DESKTOP-QHFD0PL" failures="0" tests="4" name="testng_features.WorkingWithHelperAttribute2" time="0.041" errors="0" timestamp="2025-02-17T22:38:50 PST" skipped="0">
  <testcase classname="testng_features.WorkingWithHelperAttribute2" name="SubscribeTest" time="0.008"/>
  <testcase classname="testng_features.WorkingWithHelperAttribute2" name="RegisterTest" time="0.021"/>
  <testcase classname="testng_features.WorkingWithHelperAttribute2" name="SearchTest" time="0.008"/>
  <testcase classname="testng_features.WorkingWithHelperAttribute2" name="LoginTest" time="0.004"/>
</testsuite> <!-- testng_features.WorkingWithHelperAttribute2 -->
