<?xml version="1.0" encoding="UTF-8"?>
<!-- Generated by org.testng.reporters.JUnitReportReporter -->
<testsuite hostname="DESKTOP-QHFD0PL" failures="0" tests="1" name="testng_cases.VotingTestCase" time="8.621" errors="0" timestamp="2025-02-18T02:49:20 PST" skipped="0">
  <testcase classname="testng_cases.VotingTestCase" name="votingTest" time="8.621">
    <system-out>
      <![CDATA[application launched successfully
voting test case completed]]>
    </system-out>
  </testcase> <!-- votingTest -->
  <system-out>
    <![CDATA[application launched successfully
voting test case completed
application launched successfully
search test case completed]]>
  </system-out>
</testsuite> <!-- testng_cases.VotingTestCase -->
