<?xml version="1.0" encoding="UTF-8"?>
<!-- Generated by org.testng.reporters.JUnitReportReporter -->
<testsuite hostname="DESKTOP-QHFD0PL" failures="0" tests="2" name="testng_features.WorkingWithGroups" time="0.006" errors="0" timestamp="2025-02-18T01:33:22 PST" skipped="0">
  <testcase classname="testng_features.WorkingWithGroups" name="LoginTest" time="0.003"/>
  <testcase classname="testng_features.WorkingWithGroups" name="RegisterTest" time="0.003"/>
</testsuite> <!-- testng_features.WorkingWithGroups -->
