<?xml version="1.0" encoding="UTF-8"?>
<!-- Generated by org.testng.reporters.JUnitReportReporter -->
<testsuite hostname="DESKTOP-QHFD0PL" failures="0" tests="1" name="testng_cases.SubscribeTestCase" time="11.107" errors="0" timestamp="2025-02-18T02:41:54 PST" skipped="0">
  <testcase classname="testng_cases.SubscribeTestCase" name="subscribeTest" time="11.107">
    <system-out>
      <![CDATA[application launched successfully
subscribe test case completed]]>
    </system-out>
  </testcase> <!-- subscribeTest -->
  <system-out>
    <![CDATA[application launched successfully
subscribe test case completed
application launched successfully
voting test case completed
application launched successfully
search test case completed]]>
  </system-out>
</testsuite> <!-- testng_cases.SubscribeTestCase -->
