<?xml version="1.0" encoding="UTF-8"?>
<!-- Generated by org.testng.reporters.JUnitReportReporter -->
<testsuite hostname="DESKTOP-QHFD0PL" failures="0" tests="1" name="testng_features.SampleTest" time="0.014" errors="0" timestamp="2025-02-16T23:39:08 PST" skipped="0">
  <testcase classname="testng_features.SampleTest" name="demo" time="0.014"/>
</testsuite> <!-- testng_features.SampleTest -->
