<?xml version="1.0" encoding="UTF-8"?>
<!-- Generated by org.testng.reporters.JUnitReportReporter -->
<testsuite hostname="DESKTOP-QHFD0PL" failures="0" tests="2" name="testng_features.WorkingWithExclude" time="0.018" errors="0" timestamp="2025-02-18T02:30:08 PST" skipped="0">
  <testcase classname="testng_features.WorkingWithExclude" name="LoginTest" time="0.015"/>
  <testcase classname="testng_features.WorkingWithExclude" name="RegisterTest" time="0.003"/>
</testsuite> <!-- testng_features.WorkingWithExclude -->
