<?xml version="1.0" encoding="UTF-8"?>
<!-- Generated by org.testng.reporters.JUnitReportReporter -->
<testsuite hostname="DESKTOP-QHFD0PL" failures="0" tests="1" name="testng_features.WorkingWithInclude1" time="0.004" errors="0" timestamp="2025-02-18T01:57:31 PST" skipped="0">
  <testcase classname="testng_features.WorkingWithInclude1" name="VoteTest" time="0.004"/>
</testsuite> <!-- testng_features.WorkingWithInclude1 -->
