<?xml version="1.0" encoding="UTF-8"?>
<!-- Generated by org.testng.reporters.JUnitReportReporter -->
<testsuite hostname="DESKTOP-QHFD0PL" failures="0" tests="4" name="testng_features.SampleTest2" time="0.035" errors="0" timestamp="2025-02-16T23:55:51 PST" skipped="0">
  <testcase classname="testng_features.SampleTest2" name="SearchTest" time="0.003"/>
  <testcase classname="testng_features.SampleTest2" name="Demo" time="0.021"/>
  <testcase classname="testng_features.SampleTest2" name="RegisterTest" time="0.007"/>
  <testcase classname="testng_features.SampleTest2" name="LoginTest" time="0.004"/>
</testsuite> <!-- testng_features.SampleTest2 -->
