<?xml version="1.0" encoding="UTF-8"?>
<!-- Generated by org.testng.reporters.JUnitReportReporter -->
<testsuite hostname="DESKTOP-QHFD0PL" failures="0" tests="2" name="testng_features.WorkingWithInclude" time="0.019" errors="0" timestamp="2025-02-18T01:57:31 PST" skipped="0">
  <testcase classname="testng_features.WorkingWithInclude" name="RegisterTest" time="0.004"/>
  <testcase classname="testng_features.WorkingWithInclude" name="SearchTest" time="0.015"/>
</testsuite> <!-- testng_features.WorkingWithInclude -->
