<?xml version="1.0" encoding="UTF-8"?>
<!-- Generated by org.testng.reporters.JUnitReportReporter -->
<testsuite hostname="DESKTOP-QHFD0PL" failures="0" tests="3" name="testng_features.WorkingWithHelperAttribute3" time="45.818" errors="0" timestamp="2025-02-17T22:57:55 PST" skipped="0">
  <testcase classname="testng_features.WorkingWithHelperAttribute3" name="TC1" time="17.180"/>
  <testcase classname="testng_features.WorkingWithHelperAttribute3" name="TC1" time="12.799"/>
  <testcase classname="testng_features.WorkingWithHelperAttribute3" name="TC1" time="15.839"/>
</testsuite> <!-- testng_features.WorkingWithHelperAttribute3 -->
